Using pre-set license
Built from '2020.2/staging' branch; Version is '2020.2.5f1 (e2c53f129de5) revision 14861631'; Using compiler version '192528614'; Build Type 'Release'
OS: 'Windows 10 Home Single Language; OS build 19041.804; Version 2004; 64bit' Language: 'en' Physical Memory: 16289 MB
BatchMode: 1, IsHumanControllingUs: 0, StartBugReporterOnCrash: 0, Is64bit: 1, IsPro: 0

 COMMAND LINE ARGUMENTS:
C:\Program Files\Unity\Hub\Editor\2020.2.5f1\Editor\Unity.exe
-adb2
-batchMode
-noUpm
-name
AssetImportWorker0
-projectPath
C:/Users/Timur/Desktop/Unity_libs/TD/TD
-logFile
Logs/AssetImportWorker0.log
-srvPort
56365
Successfully changed project path to: C:/Users/Timur/Desktop/Unity_libs/TD/TD
C:/Users/Timur/Desktop/Unity_libs/TD/TD
Using Asset Import Pipeline V2.
Refreshing native plugins compatible for Editor in 32.93 ms, found 0 plugins.
Preloading 0 native plugins for Editor in 0.00 ms.
Initialize engine version: 2020.2.5f1 (e2c53f129de5)
[Subsystems] Discovering subsystems at path C:/Program Files/Unity/Hub/Editor/2020.2.5f1/Editor/Data/Resources/UnitySubsystems
[Subsystems] Discovering subsystems at path C:/Users/Timur/Desktop/Unity_libs/TD/TD/Assets
GfxDevice: creating device client; threaded=0
Direct3D:
    Version:  Direct3D 11.0 [level 11.1]
    Renderer: NVIDIA GeForce RTX 3070 (ID=0x2484)
    Vendor:   
    VRAM:     8043 MB
    Driver:   27.21.14.6109
Initialize mono
Mono path[0] = 'C:/Program Files/Unity/Hub/Editor/2020.2.5f1/Editor/Data/Managed'
Mono path[1] = 'C:/Program Files/Unity/Hub/Editor/2020.2.5f1/Editor/Data/MonoBleedingEdge/lib/mono/unityjit'
Mono config path = 'C:/Program Files/Unity/Hub/Editor/2020.2.5f1/Editor/Data/MonoBleedingEdge/etc'
Using monoOptions --debugger-agent=transport=dt_socket,embedding=1,server=y,suspend=n,address=127.0.0.1:56560
Begin MonoManager ReloadAssembly
Registering precompiled unity dll's ...
Register platform support module: C:/Program Files/Unity/Hub/Editor/2020.2.5f1/Editor/Data/PlaybackEngines/WindowsStandaloneSupport/UnityEditor.WindowsStandalone.Extensions.dll
Registered in 0.001565 seconds.
Native extension for WindowsStandalone target not found
Refreshing native plugins compatible for Editor in 29.96 ms, found 0 plugins.
Preloading 0 native plugins for Editor in 0.00 ms.
Invoked RoslynAnalysisRunner static constructor.
RoslynAnalysisRunner will not be running.
RoslynAnalysisRunner has terminated.
Mono: successfully reloaded assembly
- Completed reload, in  1.485 seconds
Platform modules already initialized, skipping
Registering precompiled user dll's ...
Registered in 0.001157 seconds.
Begin MonoManager ReloadAssembly
Native extension for WindowsStandalone target not found
Refreshing native plugins compatible for Editor in 28.98 ms, found 0 plugins.
Preloading 0 native plugins for Editor in 0.00 ms.
Invoked RoslynAnalysisRunner static constructor.
RoslynAnalysisRunner will not be running.
RoslynAnalysisRunner has terminated.
Mono: successfully reloaded assembly
- Completed reload, in  0.943 seconds
Platform modules already initialized, skipping
========================================================================
Worker process is ready to serve import requests
Launched and connected shader compiler UnityShaderCompiler.exe after 0.03 seconds
Refreshing native plugins compatible for Editor in 0.31 ms, found 0 plugins.
Preloading 0 native plugins for Editor in 0.00 ms.
Unloading 1447 Unused Serialized files (Serialized files now loaded: 0)
System memory in use before: 117.3 MB.
System memory in use after: 117.3 MB.

Unloading 20 unused Assets to reduce memory usage. Loaded Objects now: 1930.
Total: 1.943300 ms (FindLiveObjects: 0.210200 ms CreateObjectMapping: 0.065800 ms MarkObjects: 1.518500 ms  DeleteObjects: 0.147900 ms)

========================================================================
Received Import Request.
  path: Assets/Prefabs/Enemies/zombiegirl_w_kurniawan.prefab
  artifactKey: Guid(ecb237124a8e3984c9f51ced46b9a4ee) Importer(815301076,1909f56bfc062723c751e8b465ee728b)
Start importing Assets/Prefabs/Enemies/zombiegirl_w_kurniawan.prefab using Guid(ecb237124a8e3984c9f51ced46b9a4ee) Importer(815301076,1909f56bfc062723c751e8b465ee728b)  -> (artifact id: '1ea7c1eb21804f9106ed7c5baf37ffda') in 0.263967 seconds
  Import took 0.268153 seconds .

========================================================================
Received Import Request.
  Time since last request: 13.040469 seconds.
  path: Assets/Prefabs/Enemies/zombiegirl_w_kurniawan.prefab
  artifactKey: Guid(ecb237124a8e3984c9f51ced46b9a4ee) Importer(815301076,1909f56bfc062723c751e8b465ee728b)
Start importing Assets/Prefabs/Enemies/zombiegirl_w_kurniawan.prefab using Guid(ecb237124a8e3984c9f51ced46b9a4ee) Importer(815301076,1909f56bfc062723c751e8b465ee728b)  -> (artifact id: '440d7282fcacde64793b99c762811946') in 0.020123 seconds
  Import took 0.022759 seconds .

========================================================================
Received Import Request.
  Time since last request: 1.415967 seconds.
  path: Assets/Prefabs/Enemies/zombiegirl_w_kurniawan.prefab
  artifactKey: Guid(ecb237124a8e3984c9f51ced46b9a4ee) Importer(815301076,1909f56bfc062723c751e8b465ee728b)
Start importing Assets/Prefabs/Enemies/zombiegirl_w_kurniawan.prefab using Guid(ecb237124a8e3984c9f51ced46b9a4ee) Importer(815301076,1909f56bfc062723c751e8b465ee728b)  -> (artifact id: '495e621dfa704346782d3b441e64f813') in 0.017323 seconds
  Import took 0.019988 seconds .

========================================================================
Received Import Request.
  Time since last request: 10.500454 seconds.
  path: Assets/Prefabs/Enemies/zombiegirl_w_kurniawan.prefab
  artifactKey: Guid(ecb237124a8e3984c9f51ced46b9a4ee) Importer(815301076,1909f56bfc062723c751e8b465ee728b)
Start importing Assets/Prefabs/Enemies/zombiegirl_w_kurniawan.prefab using Guid(ecb237124a8e3984c9f51ced46b9a4ee) Importer(815301076,1909f56bfc062723c751e8b465ee728b)  -> (artifact id: 'c739fcb27960e05fe13c65a2c4385514') in 0.017853 seconds
  Import took 0.020548 seconds .

========================================================================
Received Import Request.
  Time since last request: 2.457994 seconds.
  path: Assets/Prefabs/Enemies/zombiegirl_w_kurniawan.prefab
  artifactKey: Guid(ecb237124a8e3984c9f51ced46b9a4ee) Importer(815301076,1909f56bfc062723c751e8b465ee728b)
Start importing Assets/Prefabs/Enemies/zombiegirl_w_kurniawan.prefab using Guid(ecb237124a8e3984c9f51ced46b9a4ee) Importer(815301076,1909f56bfc062723c751e8b465ee728b)  -> (artifact id: 'af99cbd341e271e9eba8d74e2e560e7c') in 0.019260 seconds
  Import took 0.022028 seconds .

========================================================================
Received Prepare
Registering precompiled user dll's ...
Registered in 0.000541 seconds.
Begin MonoManager ReloadAssembly
Native extension for WindowsStandalone target not found
Refreshing native plugins compatible for Editor in 0.27 ms, found 0 plugins.
Preloading 0 native plugins for Editor in 0.00 ms.
Invoked RoslynAnalysisRunner static constructor.
RoslynAnalysisRunner will not be running.
RoslynAnalysisRunner has terminated.
Mono: successfully reloaded assembly
- Completed reload, in  0.834 seconds
Platform modules already initialized, skipping
Refreshing native plugins compatible for Editor in 0.31 ms, found 0 plugins.
Preloading 0 native plugins for Editor in 0.00 ms.
Unloading 1374 Unused Serialized files (Serialized files now loaded: 0)
System memory in use before: 129.2 MB.
System memory in use after: 129.2 MB.

Unloading 6 unused Assets to reduce memory usage. Loaded Objects now: 1940.
Total: 1.862300 ms (FindLiveObjects: 0.323300 ms CreateObjectMapping: 0.044800 ms MarkObjects: 1.373600 ms  DeleteObjects: 0.119100 ms)

========================================================================
Received Prepare
Registering precompiled user dll's ...
Registered in 0.000654 seconds.
Begin MonoManager ReloadAssembly
Native extension for WindowsStandalone target not found
Refreshing native plugins compatible for Editor in 0.30 ms, found 0 plugins.
Preloading 0 native plugins for Editor in 0.00 ms.
Invoked RoslynAnalysisRunner static constructor.
RoslynAnalysisRunner will not be running.
RoslynAnalysisRunner has terminated.
Mono: successfully reloaded assembly
- Completed reload, in  0.913 seconds
Platform modules already initialized, skipping
Refreshing native plugins compatible for Editor in 0.27 ms, found 0 plugins.
Preloading 0 native plugins for Editor in 0.00 ms.
Unloading 1374 Unused Serialized files (Serialized files now loaded: 0)
System memory in use before: 129.2 MB.
System memory in use after: 129.2 MB.

Unloading 6 unused Assets to reduce memory usage. Loaded Objects now: 1942.
Total: 1.894300 ms (FindLiveObjects: 0.226700 ms CreateObjectMapping: 0.059700 ms MarkObjects: 1.461600 ms  DeleteObjects: 0.144200 ms)

========================================================================
Received Import Request.
  Time since last request: 1993.515860 seconds.
  path: Assets/Scripts/Tower/PlasmaTower/PlasmaTower_gunRayTrigger.cs
  artifactKey: Guid(b33a2cba222b2244c859f2c01d8fc836) Importer(815301076,1909f56bfc062723c751e8b465ee728b)
Start importing Assets/Scripts/Tower/PlasmaTower/PlasmaTower_gunRayTrigger.cs using Guid(b33a2cba222b2244c859f2c01d8fc836) Importer(815301076,1909f56bfc062723c751e8b465ee728b)  -> (artifact id: '5524ebfd032c3b72f8bdbe8af1b9fcfd') in 0.011564 seconds
  Import took 0.014306 seconds .

========================================================================
Received Import Request.
  Time since last request: 0.008659 seconds.
  path: Assets/Scripts/Tower/PlasmaTower/PlasmaTower_gunRayTrigger.cs
  artifactKey: Guid(b33a2cba222b2244c859f2c01d8fc836) Importer(815301076,1909f56bfc062723c751e8b465ee728b)
Start importing Assets/Scripts/Tower/PlasmaTower/PlasmaTower_gunRayTrigger.cs using Guid(b33a2cba222b2244c859f2c01d8fc836) Importer(815301076,1909f56bfc062723c751e8b465ee728b)  -> (artifact id: '5524ebfd032c3b72f8bdbe8af1b9fcfd') in 0.002337 seconds
  Import took 0.004435 seconds .

========================================================================
Received Prepare
Registering precompiled user dll's ...
Registered in 0.000813 seconds.
Begin MonoManager ReloadAssembly
Native extension for WindowsStandalone target not found
Refreshing native plugins compatible for Editor in 0.58 ms, found 0 plugins.
Preloading 0 native plugins for Editor in 0.00 ms.
Invoked RoslynAnalysisRunner static constructor.
RoslynAnalysisRunner will not be running.
RoslynAnalysisRunner has terminated.
Mono: successfully reloaded assembly
- Completed reload, in  0.894 seconds
Platform modules already initialized, skipping
Refreshing native plugins compatible for Editor in 0.32 ms, found 0 plugins.
Preloading 0 native plugins for Editor in 0.00 ms.
Unloading 1374 Unused Serialized files (Serialized files now loaded: 0)
System memory in use before: 129.3 MB.
System memory in use after: 129.3 MB.

Unloading 6 unused Assets to reduce memory usage. Loaded Objects now: 1944.
Total: 1.628100 ms (FindLiveObjects: 0.156900 ms CreateObjectMapping: 0.037100 ms MarkObjects: 1.294600 ms  DeleteObjects: 0.138000 ms)

